<?xml version="1.0" encoding="UTF-8"?>
<testsuite xmlns:xsi="http://www.w3.org/2001/XMLSchema-instance" xsi:schemaLocation="https://maven.apache.org/surefire/maven-surefire-plugin/xsd/surefire-test-report.xsd" name="Validate android app" time="151.916" tests="10" errors="0" skipped="0" failures="0">
  <properties>
[...]
</properties>
  <testcase name="01_Validate successfull login functionality" classname="Validate android app" time="15.012"/>
  <testcase name="02_Validate unsuccessfull login functionality #1" classname="Validate android app" time="10.256"/>
  <testcase name="02_Validate unsuccessfull login functionality #2" classname="Validate android app" time="12.937"/>
  <testcase name="03_Validate native view page" classname="Validate android app" time="10.991"/>
  <testcase name="04_Validate long press functionality" classname="Validate android app" time="15.917"/>
  <testcase name="05_Validate drag and drop functionality" classname="Validate android app" time="25.176"/>
  <testcase name="06_Validate double tap functionality" classname="Validate android app" time="13.576"/>
  <testcase name="07_Validate vertical swiping functionality" classname="Validate android app" time="19.31"/>
  <testcase name="08_Validate wheel picker functionality" classname="Validate android app" time="15.44"/>
  <testcase name="09_Validate back button functionality" classname="Validate android app" time="13.299"/>
</testsuite>